INFO  Validating config
INFO  Start processing
INFO  Hexo is running at http://localhost:4000/ . Press Ctrl+C to stop.
INFO  Validating config
FATAL Port 4000 has been used. Try other port instead.
FATAL Something's wrong. Maybe you can find the solution here: https://hexo.io/docs/troubleshooting.html
Error: listen EADDRINUSE: address already in use :::4000
    at Server.setupListenHandle [as _listen2] (node:net:1940:16)
    at listenInCluster (node:net:1997:12)
    at Server.listen (node:net:2102:7)
    at /data/data/com.termux/files/home/blog/node_modules/hexo-server/lib/server.js:68:12
    at Promise._execute (/data/data/com.termux/files/home/blog/node_modules/bluebird/js/release/debuggability.js:384:9)
    at Promise._resolveFromExecutor (/data/data/com.termux/files/home/blog/node_modules/bluebird/js/release/promise.js:518:18)
    at new Promise (/data/data/com.termux/files/home/blog/node_modules/bluebird/js/release/promise.js:103:10)
    at checkPort (/data/data/com.termux/files/home/blog/node_modules/hexo-server/lib/server.js:65:10)
    at module.exports (/data/data/com.termux/files/home/blog/node_modules/hexo-server/lib/server.js:17:10)
    at Hexo.tryCatcher (/data/data/com.termux/files/home/blog/node_modules/bluebird/js/release/util.js:16:23)
    at Hexo.<anonymous> (/data/data/com.termux/files/home/blog/node_modules/bluebird/js/release/method.js:15:34)
    at Hexo.call (/data/data/com.termux/files/home/blog/node_modules/hexo/dist/hexo/index.js:215:28)
    at /data/data/com.termux/files/usr/lib/node_modules/hexo-cli/dist/hexo.js:56:21
    at tryCatcher (/data/data/com.termux/files/usr/lib/node_modules/hexo-cli/node_modules/bluebird/js/release/util.js:16:23)
    at Promise._settlePromiseFromHandler (/data/data/com.termux/files/usr/lib/node_modules/hexo-cli/node_modules/bluebird/js/release/promise.js:547:31)
    at Promise._settlePromise (/data/data/com.termux/files/usr/lib/node_modules/hexo-cli/node_modules/bluebird/js/release/promise.js:604:18)
    at Promise._settlePromise0 (/data/data/com.termux/files/usr/lib/node_modules/hexo-cli/node_modules/bluebird/js/release/promise.js:649:10)
    at Promise._settlePromises (/data/data/com.termux/files/usr/lib/node_modules/hexo-cli/node_modules/bluebird/js/release/promise.js:729:18)
    at _drainQueueStep (/data/data/com.termux/files/usr/lib/node_modules/hexo-cli/node_modules/bluebird/js/release/async.js:93:12)
    at _drainQueue (/data/data/com.termux/files/usr/lib/node_modules/hexo-cli/node_modules/bluebird/js/release/async.js:86:9)
    at Async._drainQueues (/data/data/com.termux/files/usr/lib/node_modules/hexo-cli/node_modules/bluebird/js/release/async.js:102:5)
    at Async.drainQueues (/data/data/com.termux/files/usr/lib/node_modules/hexo-cli/node_modules/bluebird/js/release/async.js:15:14)
